[2021/07/29 04:54:24] - Namespace(resume=False, prefix='default', seed=33201701, batch_size=120, epochs=20, lr=0.001, image_size=224, data_directory='../Restricted_ImageNet', opt_level='O1', model_name='efficientnet-b0')
[2021/07/29 04:54:24] - Epoch  Seconds    Train Loss  Train Acc    Test Loss  Test Acc
[2021/07/29 04:56:20] -     0    115.7      243.7197    26.3776     221.3226   39.3750
[2021/07/29 04:58:14] -     1    113.9      200.4788    41.3946     200.0622   49.2500
[2021/07/29 05:00:07] -     2    112.5      168.9710    51.1951     159.2671   58.8333
[2021/07/29 05:01:59] -     3    112.2      144.0282    59.0337     139.4417   63.1250
[2021/07/29 05:03:51] -     4    112.3      124.9978    64.7805     121.2335   68.2917
[2021/07/29 05:05:43] -     5    111.9      110.7554    69.0121     111.1759   71.5417
[2021/07/29 05:07:36] -     6    112.4       99.9315    72.2434      93.4285   75.0417
[2021/07/29 05:09:28] -     7    112.4       90.3464    74.7449      88.3928   77.7917
[2021/07/29 05:11:20] -     8    111.9       83.7190    76.7115      78.6460   79.8750
[2021/07/29 05:13:13] -     9    112.2       77.8361    78.5142      73.8400   80.7917
[2021/07/29 05:15:05] -    10    111.8       72.5728    79.7449      72.8922   81.1250
[2021/07/29 05:16:57] -    11    112.4       67.4886    81.3729      64.8528   82.9167
[2021/07/29 05:18:49] -    12    112.2       63.8409    82.3717      72.0523   82.9583
[2021/07/29 05:20:42] -    13    112.3       60.7998    83.1756      66.3498   83.0417
[2021/07/29 05:22:34] -    14    112.2       56.5748    84.3290      63.5783   84.3333
[2021/07/29 05:24:26] -    15    112.1       53.5693    85.2350      55.5156   85.1250
[2021/07/29 05:26:19] -    16    112.2       51.1475    85.8874      54.8343   86.7917
[2021/07/29 05:28:11] -    17    112.6       48.7027    86.4317      54.9372   86.0417
[2021/07/29 05:30:04] -    18    112.5       46.6559    87.0532      56.2370   85.5833
[2021/07/29 05:31:56] -    19    112.2       44.8097    87.4923      54.5917   85.9167
[2021/07/29 05:31:56] - Total train time: 37.5281 minutes
