[2021/07/30 09:45:10] - Namespace(resume=False, prefix='o0', seed=33201701, batch_size=168, epochs=50, lr=0.001, image_size=224, data_directory='../Restricted_ImageNet', opt_level='O1', model_name='efficientnet-b0')
[2021/07/30 09:45:10] - Epoch  Seconds    Train Loss  Train Acc    Test Loss  Test Acc
[2021/07/30 09:47:00] -     0    110.8      341.1349    26.5878     419.0811   16.1139
[2021/07/30 09:48:49] -     1    108.8      278.4073    41.6914     256.7426   50.9354
[2021/07/30 09:50:39] -     2    109.7      233.7422    52.1939     239.9029   55.9949
[2021/07/30 09:52:29] -     3    109.4      197.8492    59.9335     191.8979   64.7109
[2021/07/30 09:54:22] -     4    112.9      170.9855    65.8643     148.6722   73.1293
[2021/07/30 09:56:11] -     5    109.0      152.2277    69.8454     148.7929   72.7041
[2021/07/30 09:58:00] -     6    109.1      136.3940    72.9839     128.0210   76.1480
[2021/07/30 09:59:49] -     7    109.0      125.4650    75.2211     118.9885   78.1037
[2021/07/30 10:01:38] -     8    109.1      115.1438    77.3006     109.5426   80.0595
[2021/07/30 10:03:27] -     9    109.1      106.2657    79.0043     102.8634   80.9949
[2021/07/30 10:05:17] -    10    109.1      100.3279    80.3154      95.8033   82.1003
[2021/07/30 10:07:06] -    11    109.1       93.9423    81.6095      91.8902   82.9082
[2021/07/30 10:08:55] -    12    109.2       87.8285    82.7814      99.3138   82.4405
[2021/07/30 10:10:45] -    13    109.3       83.6886    83.4045      87.8179   84.7364
[2021/07/30 10:12:33] -    14    108.9       78.1678    84.5826      92.5052   84.2687
[2021/07/30 10:14:23] -    15    109.5       74.6815    85.1577      84.9360   84.9490
[2021/07/30 10:16:15] -    16    111.6       71.6059    85.8751      78.9957   86.0969
[2021/07/30 10:18:04] -    17    109.2       67.7631    86.4487      83.0872   85.2891
[2021/07/30 10:19:54] -    18    109.7       64.9938    86.9682      76.3776   86.0119
[2021/07/30 10:21:43] -    19    108.7       62.3974    87.6562      83.2713   85.9694
[2021/07/30 10:23:32] -    20    109.0       59.9243    88.1323      82.4822   85.8418
[2021/07/30 10:25:21] -    21    109.3       57.6305    88.5390      69.5586   87.2449
[2021/07/30 10:27:11] -    22    110.2       55.4369    88.9286      85.5286   85.2466
[2021/07/30 10:29:01] -    23    109.0       53.0004    89.5068      70.5213   87.4575
[2021/07/30 10:30:50] -    24    109.6       50.4577    89.8964      71.3548   87.2449
[2021/07/30 10:32:40] -    25    109.2       49.3646    90.0974      69.7684   87.9252
[2021/07/30 10:34:33] -    26    113.8       47.6460    90.4978      72.8618   87.7126
[2021/07/30 10:36:23] -    27    109.0       46.6142    90.6200      73.0751   87.4575
[2021/07/30 10:38:16] -    28    113.5       43.6996    91.3142      76.9477   86.9898
[2021/07/30 10:40:11] -    29    114.8       43.1853    91.3683      64.4040   89.2857
[2021/07/30 10:42:00] -    30    109.4       41.4409    91.6790      72.8461   87.6701
[2021/07/30 10:43:49] -    31    108.8       39.5365    92.0362      67.4292   89.2857
[2021/07/30 10:45:40] -    32    110.2       39.2507    92.0640      69.8705   89.1582
[2021/07/30 10:47:29] -    33    109.6       37.7360    92.4660      70.9366   88.0952
[2021/07/30 10:49:19] -    34    109.8       36.6010    92.6546      74.5940   87.2024
[2021/07/30 10:51:09] -    35    109.5       35.4767    92.8587      79.0327   87.7976
[2021/07/30 10:52:58] -    36    109.4       34.5640    93.0813      70.0523   88.6905
[2021/07/30 10:54:48] -    37    109.5       33.7471    93.2174      70.4280   88.2653
[2021/07/30 10:56:37] -    38    109.3       32.6769    93.4385      68.9961   88.9031
[2021/07/30 10:58:27] -    39    109.3       31.6655    93.6611      73.1868   88.3503
[2021/07/30 11:00:16] -    40    109.5       30.7077    93.8111      67.3395   89.0306
[2021/07/30 11:02:05] -    41    109.0       30.5022    93.8884      74.5133   88.9881
[2021/07/30 11:03:55] -    42    109.5       28.9221    94.1466      73.3353   88.8605
[2021/07/30 11:05:45] -    43    110.0       29.1210    94.0677      68.8828   89.4133
[2021/07/30 11:07:34] -    44    109.3       28.5639    94.2177      64.7759   89.7109
[2021/07/30 11:09:24] -    45    109.5       27.5412    94.4975      70.6475   88.9456
[2021/07/30 11:11:13] -    46    109.3       27.2111    94.5609      74.1638   88.5204
[2021/07/30 11:13:02] -    47    109.2       26.0495    94.7604      71.2072   88.5629
[2021/07/30 11:14:52] -    48    109.4       25.2005    94.9335      75.2054   88.9031
[2021/07/30 11:16:43] -    49    110.7       24.9098    95.0000      78.6118   87.7976
[2021/07/30 11:16:43] - Total train time: 91.5511 minutes
