[2021/07/30 11:55:10] - Namespace(resume=False, prefix='o1', seed=33201701, batch_size=104, epochs=50, lr=0.001, image_size=240, data_directory='../Restricted_ImageNet', opt_level='O1', model_name='efficientnet-b1')
[2021/07/30 11:55:10] - Epoch  Seconds    Train Loss  Train Acc    Test Loss  Test Acc
[2021/07/30 11:58:50] -     0    219.7      217.7515    23.6597     205.1011   32.2917
[2021/07/30 12:02:29] -     1    218.5      179.7492    39.1572     185.8970   43.3093
[2021/07/30 12:06:07] -     2    218.2      150.4931    49.9938     139.8229   55.4087
[2021/07/30 12:09:46] -     3    218.5      127.2055    58.4220     105.7012   66.8670
[2021/07/30 12:13:24] -     4    218.0      111.2538    63.9516      92.9971   70.9936
[2021/07/30 12:17:02] -     5    218.4       96.2300    69.0777      83.0528   73.9183
[2021/07/30 12:20:41] -     6    218.3       86.4789    72.1463          nan   74.8798
[2021/07/30 12:24:19] -     7    218.4       78.8133    74.4976      78.5943   74.5994
[2021/07/30 12:27:58] -     8    218.4       72.0431    76.9324      70.8517   78.5657
[2021/07/30 12:31:37] -     9    218.4       66.7076    78.6777      64.6478   80.7692
[2021/07/30 12:35:15] -    10    218.2       62.4598    80.0628      57.1807   82.5321
[2021/07/30 12:38:54] -    11    218.5       59.1155    81.0490      61.4722   81.0497
[2021/07/30 12:42:32] -    12    218.4       56.5935    82.0477      52.2047   84.3750
[2021/07/30 12:46:11] -    13    218.6       52.1267    83.2303      52.3898   84.7356
[2021/07/30 12:49:49] -    14    218.5       48.8788    84.3881      50.2656   84.8558
[2021/07/30 12:53:28] -    15    218.9       46.4749    85.1889      50.9947   84.8558
[2021/07/30 12:57:07] -    16    218.5       44.7056    85.5615      58.9904   82.3718
[2021/07/30 13:00:45] -    17    218.3       42.3367    86.3483      52.8346   84.3750
[2021/07/30 13:04:24] -    18    218.3       40.2090    87.1290      42.0679   86.6987
[2021/07/30 13:08:03] -    19    218.6       38.5363    87.5649      42.6340   86.8189
[2021/07/30 13:11:41] -    20    218.4       37.1149    88.0318      45.6619   86.4984
[2021/07/30 13:15:20] -    21    218.5       35.3744    88.6223      45.7700   86.7788
[2021/07/30 13:18:59] -    22    218.5       33.6406    89.1618      41.2010   88.1010
[2021/07/30 13:22:37] -    23    218.5       32.0315    89.6596      40.3675   87.6603
[2021/07/30 13:26:16] -    24    218.7       30.9426    89.9456      43.2645   87.6202
[2021/07/30 13:29:55] -    25    218.5       30.4965    90.1064      46.3508   87.1394
[2021/07/30 13:33:33] -    26    218.2       28.9386    90.5686      40.1279   88.2612
[2021/07/30 13:37:12] -    27    218.9       27.8607    91.0803      45.2038   86.9391
[2021/07/30 13:40:51] -    28    218.6       26.6847    91.4188      38.5722   89.1426
[2021/07/30 13:44:29] -    29    218.3       25.9537    91.5749      46.1269   87.4199
[2021/07/30 13:48:08] -    30    218.5       24.7773    91.9908      38.7613   88.9423
[2021/07/30 13:51:47] -    31    218.6       24.6017    92.0634      35.4769   89.9439
[2021/07/30 13:55:25] -    32    218.6       23.3115    92.3077      38.7067   89.1426
[2021/07/30 13:59:04] -    33    218.7       22.8088    92.6385      42.3125   88.4215
[2021/07/30 14:02:43] -    34    218.7       22.4102    92.7328      39.8464   88.8622
[2021/07/30 14:06:22] -    35    218.9       21.1399    93.1626      37.5632   88.8622
[2021/07/30 14:10:01] -    36    218.9       20.6092    93.2306      41.3637   88.6619
[2021/07/30 14:13:39] -    37    218.6       20.0847    93.3944      38.7214   89.3429
[2021/07/30 14:17:18] -    38    218.7       19.6269    93.6634      40.3397   89.6635
[2021/07/30 14:20:57] -    39    218.5       18.8757    93.8675      40.1591   89.9439
[2021/07/30 14:24:36] -    40    218.4       18.7801    93.9355      42.2890   89.3029
[2021/07/30 14:28:14] -    41    218.9       18.0335    94.1550      39.7680   89.6635
[2021/07/30 14:31:53] -    42    218.4       17.5821    94.3807      37.2429   89.9840
[2021/07/30 14:35:32] -    43    219.2       17.3696    94.2756      40.3413   88.9022
[2021/07/30 14:39:11] -    44    218.8       16.6135    94.6018      41.3085   89.0625
[2021/07/30 14:42:50] -    45    218.9       16.7106    94.5260      38.5904   89.5433
[2021/07/30 14:46:29] -    46    218.9       15.8164    94.7873      36.1832   90.3045
[2021/07/30 14:50:08] -    47    218.8       15.7030    94.9110      37.3164   90.4647
[2021/07/30 14:53:46] -    48    218.5       15.5705    94.8182      37.6129   90.1042
[2021/07/30 14:57:25] -    49    218.4       15.1644    94.9960      41.1027   90.1442
[2021/07/30 14:57:25] - Total train time: 182.2399 minutes
