[2021/07/30 00:19:19] - Namespace(resume=False, prefix='o2', seed=33201701, batch_size=80, epochs=50, lr=0.001, image_size=260, data_directory='../Restricted_ImageNet', opt_level='O1', model_name='efficientnet-b2')
[2021/07/30 00:19:19] - Epoch  Seconds    Train Loss  Train Acc    Test Loss  Test Acc
[2021/07/30 00:23:50] -     0    271.1      166.3204    24.3016     153.3146   34.7581
[2021/07/30 00:28:21] -     1    270.0      136.6964    39.7157     132.5325   45.2823
[2021/07/30 00:32:51] -     2    270.3      114.8115    50.4512      98.4705   58.9113
[2021/07/30 00:37:21] -     3    270.4       97.0545    58.7886      86.9299   64.4758
[2021/07/30 00:41:52] -     4    270.2       83.7041    64.7064      69.5928   71.4516
[2021/07/30 00:46:22] -     5    270.1       74.3068    68.8937      64.5598   73.5081
[2021/07/30 00:50:53] -     6    270.4       66.3432    72.4583      56.9485   76.3710
[2021/07/30 00:55:23] -     7    270.4       60.1782    74.9784      51.0788   79.3145
[2021/07/30 00:59:54] -     8    270.8       56.0895    76.6749      48.7288   79.9194
[2021/07/30 01:04:25] -     9    270.3       51.5282    78.5955      45.5881   81.4919
[2021/07/30 01:08:56] -    10    270.8       47.7558    80.1715      44.7718   82.3790
[2021/07/30 01:13:26] -    11    270.4       45.0497    81.4679      40.5933   83.9113
[2021/07/30 01:17:57] -    12    270.4       41.6984    82.7781      39.2508   84.4758
[2021/07/30 01:22:27] -    13    270.5       38.7679    83.9895      37.8613   84.5565
[2021/07/30 01:26:58] -    14    270.5       36.5550    84.9336      37.4044   85.4032
[2021/07/30 01:31:29] -    15    270.4       34.6346    85.6999      41.4651   84.5565
[2021/07/30 01:35:59] -    16    270.5       33.2541    86.1109      34.2207   86.5323
[2021/07/30 01:40:30] -    17    270.5       31.6527    86.7413      32.8603   87.0565
[2021/07/30 01:45:01] -    18    270.7       29.7274    87.6020      33.4929   86.6935
[2021/07/30 01:49:31] -    19    270.3       28.5425    88.1474      34.6747   86.3306
[2021/07/30 01:54:02] -    20    270.7       27.4633    88.5059          nan   83.9516
[2021/07/30 01:58:33] -    21    270.4       27.4462    88.4966      31.5949   87.6210
[2021/07/30 02:03:03] -    22    270.4       26.0273    89.0158      32.3788   87.6613
[2021/07/30 02:07:34] -    23    270.5       24.3962    89.8269      29.7944   88.5484
[2021/07/30 02:12:04] -    24    270.4       23.6647    90.0680      28.7711   88.9516
[2021/07/30 02:16:35] -    25    270.4       22.3898    90.5315          nan   87.5806
[2021/07/30 02:21:06] -    26    270.6       22.4394    90.5300      29.4939   88.1452
[2021/07/30 02:25:36] -    27    270.8       21.1026    91.0507      30.5027   88.2258
[2021/07/30 02:30:07] -    28    270.5       20.4127    91.4169      26.8325   89.2339
[2021/07/30 02:34:38] -    29    270.5       19.6524    91.6595      31.3209   88.5081
[2021/07/30 02:39:08] -    30    270.5       19.4042    91.8248          nan   89.5161
[2021/07/30 02:43:39] -    31    270.6       18.2409    92.3517          nan   89.4758
[2021/07/30 02:48:10] -    32    270.4       17.5770    92.6221      28.6046   89.3952
[2021/07/30 02:52:40] -    33    270.4       16.9709    92.9033      27.4634   90.1613
[2021/07/30 02:57:11] -    34    270.8       16.7349    92.9666      29.3236   89.3952
[2021/07/30 03:01:42] -    35    270.8       16.0300    93.2787      30.2380   89.2742
[2021/07/30 03:06:13] -    36    270.5       15.8219    93.3158      31.0227   89.3548
[2021/07/30 03:10:43] -    37    270.6       14.6609    93.7392      28.9114   89.6371
[2021/07/30 03:15:14] -    38    270.9       14.7819    93.7176          nan   88.7500
[2021/07/30 03:19:45] -    39    270.7       14.5895    93.8782          nan   89.0323
[2021/07/30 03:24:16] -    40    271.1       14.1884    94.0606      32.0398   88.6290
