[2021/07/30 03:30:27] - Namespace(resume=False, prefix='o3', seed=33201701, batch_size=48, epochs=50, lr=0.001, image_size=300, data_directory='../Restricted_ImageNet', opt_level='O1', model_name='efficientnet-b3')
[2021/07/30 03:30:27] - Epoch  Seconds    Train Loss  Train Acc    Test Loss  Test Acc
[2021/07/30 03:36:59] -     0    392.3      100.7595    22.4175     103.8566   28.8862
[2021/07/30 03:43:30] -     1    390.9       85.2992    36.9065      75.4211   47.9167
[2021/07/30 03:50:01] -     2    391.2       74.3358    45.6741      65.4960   53.5657
[2021/07/30 03:56:33] -     3    391.3       62.9855    54.8050      55.4454   60.7772
[2021/07/30 04:03:05] -     4    391.8       53.9371    61.9173      44.6996   69.9920
[2021/07/30 04:09:37] -     5    391.4       46.5014    67.5692      36.9456   74.6795
[2021/07/30 04:16:08] -     6    391.7       41.5322    71.1007      35.6826   75.2804
[2021/07/30 04:22:40] -     7    391.2       37.3613    73.9970      31.8403   79.5673
[2021/07/30 04:29:11] -     8    390.9       33.9530    76.5022      30.7246   79.1266
[2021/07/30 04:35:43] -     9    391.5       31.1632    78.4418      28.8627   81.2901
[2021/07/30 04:42:14] -    10    391.4       28.6944    80.1264      25.5228   82.8125
[2021/07/30 04:48:46] -    11    391.2       26.6236    81.8327      25.9002   83.0929
[2021/07/30 04:55:18] -    12    391.8       24.9810    82.7739      23.4147   84.0545
[2021/07/30 05:01:49] -    13    391.4       23.6239    83.6594      25.4222   84.4952
[2021/07/30 05:08:21] -    14    391.6       22.0134    84.7676      19.9163   86.9391
[2021/07/30 05:14:53] -    15    391.9       20.9284    85.6299      24.2668   85.6170
[2021/07/30 05:21:25] -    16    391.9       19.5545    86.7102      18.6772   87.9808
[2021/07/30 05:27:57] -    17    391.1       18.8109    87.0163      17.1944   88.1410
[2021/07/30 05:34:28] -    18    391.1       18.0871    87.4305      18.7404   87.7404
[2021/07/30 05:40:59] -    19    390.9       17.1203    88.1584      17.4285   88.2212
[2021/07/30 05:47:31] -    20    391.4       16.3559    88.6622      17.9067   87.9407
[2021/07/30 05:54:03] -    21    391.5       15.5748    89.1738      17.2656   88.9423
[2021/07/30 06:00:33] -    22    390.7       15.1403    89.6467      16.3969   89.5032
[2021/07/30 06:07:05] -    23    391.6       14.5343    89.8167      17.2557   89.4631
[2021/07/30 06:13:37] -    24    391.5       13.7956    90.4148      15.6181   90.1843
[2021/07/30 06:20:08] -    25    390.6       13.2113    90.8491      17.0768   89.5032
[2021/07/30 06:26:39] -    26    391.1       12.9715    91.1520      15.1969   90.6651
[2021/07/30 06:33:10] -    27    390.8       12.3211    91.4086      15.2833   90.2644
[2021/07/30 06:39:42] -    28    391.3       12.0216    91.5600      15.0875   90.8253
[2021/07/30 06:46:13] -    29    391.4       11.5412    91.8475      14.4036   91.1458
[2021/07/30 06:52:45] -    30    391.3       10.9543    92.3853      15.0429   90.5849
[2021/07/30 06:59:17] -    31    391.7       10.9632    92.3838      14.6110   90.8654
[2021/07/30 07:05:48] -    32    391.4       10.3536    92.6975      14.0415   91.6667
[2021/07/30 07:12:20] -    33    391.3       10.1499    92.9309      15.1395   90.7853
[2021/07/30 07:18:51] -    34    391.5        9.7139    93.2724          nan   91.1058
[2021/07/30 07:25:23] -    35    391.2        9.6583    93.2678      14.9170   89.9439
[2021/07/30 07:31:54] -    36    391.2        9.3416    93.5491      14.2655   91.3862
[2021/07/30 07:38:25] -    37    390.9        8.9806    93.7237      17.7215   89.9439
[2021/07/30 07:44:57] -    38    391.5        8.8304    93.7778      14.5367   91.2260
[2021/07/30 07:51:28] -    39    391.3        8.4120    94.1317      14.4828   91.3061
[2021/07/30 07:58:00] -    40    391.2        8.2939    94.1503      13.6165   91.8670
[2021/07/30 08:04:31] -    41    391.3        7.9403    94.4130      13.7495   91.5064
[2021/07/30 08:11:02] -    42    391.2        7.9876    94.4192      14.6155   91.2260
[2021/07/30 08:17:34] -    43    391.5        7.7409    94.5877      14.9396   90.8253
[2021/07/30 08:24:06] -    44    391.5        7.4649    94.7546      13.9607   91.6667
[2021/07/30 08:30:37] -    45    391.6        7.5313    94.6758      14.9917   91.1859
[2021/07/30 08:37:09] -    46    391.2        7.2935    94.9524      13.6300   92.1474
[2021/07/30 08:43:40] -    47    391.5        7.1027    95.0019      15.1720   91.4663
[2021/07/30 08:50:12] -    48    391.3        6.9794    95.0359      13.4152   91.7067
[2021/07/30 08:56:43] -    49    391.7        6.9221    95.1471      13.1828   92.4279
[2021/07/30 08:56:44] - Total train time: 326.2808 minutes
