[2021/07/31 01:54:18] - Namespace(resume=False, prefix='r18', seed=33201701, batch_size=512, epochs=50, lr=0.001, image_size=224, data_directory='../Restricted_ImageNet', opt_level='O1', model_name='resnet18')
[2021/07/31 01:54:18] - Epoch  Seconds    Train Loss  Train Acc    Test Loss  Test Acc
[2021/07/31 01:55:45] -     0     86.3     1056.1207    27.2073    1363.4542   32.3730
[2021/07/31 01:57:16] -     1     91.1      891.3190    39.5306     992.7139   52.1484
[2021/07/31 01:58:39] -     2     83.2      777.6211    48.0376    1027.7244   49.2676
[2021/07/31 02:00:03] -     3     83.2      694.2958    53.9078     924.8832   55.2246
[2021/07/31 02:01:30] -     4     87.3      628.2658    58.5209     879.4236   58.7891
[2021/07/31 02:02:56] -     5     85.8      565.6127    62.8705     634.1834   69.7754
[2021/07/31 02:04:22] -     6     85.7      507.4753    66.8666     744.2361   64.0137
[2021/07/31 02:05:57] -     7     95.1      461.8848    69.8630     714.6337   66.0156
[2021/07/31 02:07:21] -     8     83.7      429.0805    72.0626     579.2078   72.1680
[2021/07/31 02:09:13] -     9    111.0      394.3118    74.3428     479.9097   76.5625
[2021/07/31 02:10:44] -    10     91.7      362.7855    76.5268     476.6824   78.4180
[2021/07/31 02:12:18] -    11     93.2      334.4451    78.3095     475.4965   77.1973
[2021/07/31 02:13:42] -    12     83.7      314.3091    79.5340     442.2445   79.7852
[2021/07/31 02:15:08] -    13     85.7      298.1582    80.6749     412.7692   80.9082
[2021/07/31 02:16:31] -    14     82.7      281.7159    81.8793     419.6766   79.7852
[2021/07/31 02:18:06] -    15     95.6      263.1706    82.9040     461.9739   78.8574
[2021/07/31 02:19:34] -    16     87.7      249.6601    83.7085     375.5979   83.5449
[2021/07/31 02:21:24] -    17    109.2      237.4772    84.4882     376.4327   82.9102
[2021/07/31 02:22:47] -    18     83.1      226.9041    85.2028     388.3854   83.3496
[2021/07/31 02:24:19] -    19     92.3      212.6770    86.1809     316.0295   84.7656
[2021/07/31 02:26:03] -    20    103.6      204.8893    86.5234     349.1427   84.0332
[2021/07/31 02:28:48] -    21    164.8      192.7769    87.5589     390.5757   82.7148
[2021/07/31 02:30:36] -    22    107.3      184.9876    88.0859     335.5971   85.4492
[2021/07/31 02:31:52] -    23     76.3      177.5481    88.4239     354.7818   84.0332
[2021/07/31 02:33:24] -    24     91.4      169.6906    88.8904     370.1694   83.8867
[2021/07/31 02:35:56] -    25    151.9      164.3517    89.3322     298.1190   86.9629
[2021/07/31 02:37:37] -    26    101.0      158.7652    89.7755     391.7029   82.9102
[2021/07/31 02:39:09] -    27     92.0      155.5948    89.8019     308.3258   86.1816
[2021/07/31 02:41:02] -    28    113.1      145.9283    90.3878     331.4765   85.6445
[2021/07/31 02:42:38] -    29     95.7      141.2891    90.7754     290.6281   87.3047
[2021/07/31 02:44:16] -    30     98.1      137.0946    91.0993     322.2429   86.2793
[2021/07/31 02:46:03] -    31    106.2      131.0549    91.5055     311.1379   86.0840
[2021/07/31 02:47:58] -    32    115.5      125.5949    91.8139     345.4645   85.7422
[2021/07/31 02:49:37] -    33     98.6      121.9256    92.0805     316.1382   87.2559
[2021/07/31 02:51:35] -    34    117.6      116.9475    92.3115     292.6266   87.7441
[2021/07/31 02:53:36] -    35    120.4      115.8578    92.3038     342.8686   86.1328
[2021/07/31 02:55:23] -    36    107.7      110.5229    92.8215     290.1424   87.3535
[2021/07/31 02:57:00] -    37     96.4      106.0374    92.9563     350.9552   85.9375
[2021/07/31 02:58:26] -    38     86.2      104.8271    93.1191     283.0207   88.7207
[2021/07/31 03:00:15] -    39    108.1       98.2338    93.5531     330.7390   86.8652
[2021/07/31 03:01:54] -    40     99.2       94.7720    93.8477     347.0208   85.7422
[2021/07/31 03:03:35] -    41    100.6       95.9220    93.7205     262.4625   89.2578
[2021/07/31 03:05:31] -    42    116.3       91.8143    93.9732     309.0644   87.7441
[2021/07/31 03:07:36] -    43    125.3       90.0073    94.0771     333.0175   88.6230
[2021/07/31 03:09:13] -    44     96.1       87.0614    94.1995     269.3180   88.6719
[2021/07/31 03:10:44] -    45     90.9       85.5903    94.3514     331.1251   87.1582
[2021/07/31 03:12:58] -    46    134.2       80.1199    94.7545     332.1549   87.4023
[2021/07/31 03:15:19] -    47    140.4       80.4837    94.6615     335.7947   87.6953
[2021/07/31 03:17:35] -    48    136.2       77.6756    94.8149     341.9286   87.7441
[2021/07/31 03:19:17] -    49    101.7       75.9575    94.9591     357.0408   87.3047
[2021/07/31 03:19:17] - Total train time: 84.9715 minutes
