[2021/07/31 09:04:02] - Namespace(resume=False, prefix='r34', seed=33201701, batch_size=416, epochs=50, lr=0.001, image_size=224, data_directory='../Restricted_ImageNet', opt_level='O1', model_name='resnet34')
[2021/07/31 09:04:02] - Epoch  Seconds    Train Loss  Train Acc    Test Loss  Test Acc
[2021/07/31 09:05:31] -     0     89.1      878.1017    24.5983     955.5096   35.0962
[2021/07/31 09:07:23] -     1    111.3      771.1164    35.0465     848.2083   40.1042
[2021/07/31 09:10:32] -     2    188.7      687.3787    42.9529     697.3708   52.2436
[2021/07/31 09:13:39] -     3    186.5      613.4779    49.5906     597.3884   58.4936
[2021/07/31 09:15:10] -     4     90.6      548.9255    55.4947     592.3203   60.0160
[2021/07/31 09:18:33] -     5    202.9      498.5893    59.5487     563.6058   63.4215
[2021/07/31 09:23:45] -     6    311.6      448.7342    63.7717     488.5988   67.7885
[2021/07/31 09:25:15] -     7     89.8      403.7532    67.4473     467.8753   69.1907
[2021/07/31 09:28:21] -     8    185.7      366.6776    70.6017     422.1452   71.7548
[2021/07/31 09:30:15] -     9    114.2      336.3445    73.0350     449.4304   70.7933
[2021/07/31 09:32:27] -    10    131.1      309.2695    75.4622     346.5117   76.7228
[2021/07/31 09:35:55] -    11    207.7      288.0776    77.1728     352.8186   76.9231
[2021/07/31 09:37:52] -    12    116.7      266.5370    78.7826     322.2405   79.5673
[2021/07/31 09:39:47] -    13    115.1      250.5922    80.0233     314.1926   79.8478
[2021/07/31 09:41:34] -    14    105.9      238.6762    81.0251     326.3992   78.3253
[2021/07/31 09:43:42] -    15    128.2      219.9235    82.5481     303.0499   79.5673
[2021/07/31 09:46:34] -    16    171.9      210.9498    83.1529     292.0694   81.6106
[2021/07/31 09:48:02] -    17     87.5      198.3552    84.1160     277.0474   82.6122
[2021/07/31 09:50:39] -    18    156.2      187.2030    85.0884     347.5828   80.7692
[2021/07/31 09:52:19] -    19     99.6      177.4038    85.7336     259.2809   84.0946
[2021/07/31 09:54:04] -    20    104.4      169.9995    86.3725     277.5957   82.2917
[2021/07/31 09:56:30] -    21    145.6      160.9185    87.0906     268.0808   83.5337
[2021/07/31 09:58:19] -    22    108.6      150.5855    87.9653     223.9872   85.9776
[2021/07/31 10:01:11] -    23    171.7      146.6523    88.1684     245.5192   84.8958
[2021/07/31 10:05:43] -    24    271.9      140.9812    88.7609     269.7485   84.2949
[2021/07/31 10:09:35] -    25    231.5      133.8533    89.2215     251.1567   84.8958
[2021/07/31 10:11:37] -    26    122.1      127.7927    89.7736     229.0237   86.3782
[2021/07/31 10:13:40] -    27    122.2      122.6437    90.1628     239.4969   85.5369
[2021/07/31 10:16:05] -    28    144.5      117.8644    90.5382     220.1553   87.2596
[2021/07/31 10:19:13] -    29    188.3      113.4949    90.9243     237.1430   86.3381
[2021/07/31 10:23:41] -    30    267.8      107.1992    91.3927     189.6588   88.1010
[2021/07/31 10:25:47] -    31    125.0      106.9343    91.4004     207.4084   88.3814
[2021/07/31 10:28:06] -    32    138.9      100.8872    91.7540     195.2429   89.0224
[2021/07/31 10:30:15] -    33    129.0       97.3520    92.2612     196.9910   88.6619
[2021/07/31 10:31:53] -    34     97.7       93.5902    92.4736     240.5364   86.5785
[2021/07/31 10:34:34] -    35    160.7       91.1029    92.5667     203.4472   89.1026
[2021/07/31 10:36:07] -    36     93.5       86.0925    93.0599     240.1177   86.8990
[2021/07/31 10:37:48] -    37    100.4       84.1635    93.1824     219.2001   87.9407
[2021/07/31 10:39:27] -    38     98.0       83.4028    93.3282     222.7351   88.0609
[2021/07/31 10:41:26] -    39    118.9       79.8586    93.6275     206.4670   88.2212
[2021/07/31 10:43:14] -    40    107.7       78.5363    93.5918     230.5788   88.5016
[2021/07/31 10:44:47] -    41     93.1       73.8981    94.1470     240.1692   87.0994
[2021/07/31 10:47:13] -    42    145.4       72.7049    94.1238     219.7303   87.9808
[2021/07/31 10:49:48] -    43    155.3       70.6979    94.2850     254.6932   86.3782
[2021/07/31 10:52:20] -    44    151.2       67.1000    94.6216     205.9517   90.0240
[2021/07/31 10:54:10] -    45    110.0       67.3222    94.5270     212.2586   88.9824
[2021/07/31 10:56:26] -    46    136.4       67.5505    94.5099     209.2396   89.5433
[2021/07/31 10:58:16] -    47    109.2       63.4478    94.8092     229.5336   87.6603
[2021/07/31 11:01:36] -    48    200.4       62.0870    95.0031     199.0006   89.7035
[2021/07/31 11:04:04] -    49    147.5       60.6694    94.9922     219.9806   89.4231
[2021/07/31 11:04:04] - Total train time: 120.0328 minutes
