[2021/07/31 11:11:07] - Namespace(resume=False, prefix='r50', seed=33201701, batch_size=176, epochs=50, lr=0.001, image_size=224, data_directory='../Restricted_ImageNet', opt_level='O1', model_name='resnet50')
[2021/07/31 11:11:07] - Epoch  Seconds    Train Loss  Train Acc    Test Loss  Test Acc
[2021/07/31 11:13:27] -     0    139.3      375.9286    24.6269     382.3316   28.5308
[2021/07/31 11:15:45] -     1    138.2      329.4352    34.2659     303.7612   45.4140
[2021/07/31 11:18:04] -     2    138.6      294.9282    41.9680     277.9437   50.2435
[2021/07/31 11:20:23] -     3    138.3      265.1717    48.1453     264.3060   51.7045
[2021/07/31 11:22:42] -     4    138.9      246.1077    52.1613     225.0186   59.4968
[2021/07/31 11:25:01] -     5    138.7      227.6529    56.0147     201.9766   64.9756
[2021/07/31 11:27:20] -     6    138.2      206.1862    60.3341     190.2667   66.0714
[2021/07/31 11:29:39] -     7    139.0      182.3418    65.1427     175.7839   70.3328
[2021/07/31 11:31:58] -     8    138.4      164.6089    68.7887     170.9412   70.4951
[2021/07/31 11:34:17] -     9    138.1      150.5450    71.1605     147.9872   73.6201
[2021/07/31 11:36:35] -    10    138.4      139.3996    73.6469     129.8033   77.3945
[2021/07/31 11:38:54] -    11    138.0      128.6844    75.6378     129.8448   77.6786
[2021/07/31 11:41:13] -    12    138.7      119.4917    77.5081     128.3985   76.5422
[2021/07/31 11:43:32] -    13    138.4      111.9531    78.7543     114.2558   80.8847
[2021/07/31 11:45:51] -    14    138.8      104.2823    80.4233     105.5932   81.8182
[2021/07/31 11:48:09] -    15    138.1       97.9001    81.5457     137.7719   76.3393
[2021/07/31 11:50:28] -    16    138.7       93.1371    82.4297      99.9876   83.8880
[2021/07/31 11:52:47] -    17    138.6       87.6149    83.5444      94.6280   83.8068
[2021/07/31 11:55:07] -    18    138.8       82.6875    84.4780      95.3226   83.2792
[2021/07/31 11:57:26] -    19    138.6       79.1137    85.1421     105.3249   82.8328
[2021/07/31 11:59:45] -    20    139.0       74.9938    85.9750      86.5577   85.0244
[2021/07/31 12:02:04] -    21    138.6       72.8378    86.2351      88.1809   85.3084
[2021/07/31 12:04:23] -    22    138.7       68.9013    86.9318      94.7861   84.6997
[2021/07/31 12:06:42] -    23    138.5       64.7622    87.7338      80.5350   86.4042
[2021/07/31 12:09:01] -    24    138.5       63.8148    87.9288      77.3436   86.7695
[2021/07/31 12:11:21] -    25    139.6       61.6560    88.3685      74.5740   88.0682
[2021/07/31 12:13:42] -    26    140.5       58.8226    88.8887      79.5645   87.3782
[2021/07/31 12:16:01] -    27    139.2       56.3946    89.2820      76.5836   87.6218
[2021/07/31 12:18:21] -    28    139.1       53.6530    89.7557      78.1995   87.5000
[2021/07/31 12:20:40] -    29    139.0       52.1715    90.0127      73.4044   87.5812
[2021/07/31 12:23:00] -    30    139.5       49.9945    90.3626      74.1042   87.4188
[2021/07/31 12:25:20] -    31    139.0       48.8605    90.7496      76.4819   87.6218
[2021/07/31 12:27:39] -    32    138.9       47.2213    91.0051      66.7151   89.2857
[2021/07/31 12:30:04] -    33    144.3       45.8884    91.3596      79.2595   87.1347
[2021/07/31 12:32:23] -    34    139.4       43.3510    91.7436      69.1646   89.1234
[2021/07/31 12:34:43] -    35    139.5       42.7864    91.8612      64.1023   89.3263
[2021/07/31 12:37:03] -    36    139.1       41.3016    92.0780      62.0748   89.6510
[2021/07/31 12:39:22] -    37    139.0       39.0634    92.4991      68.9094   89.1640
[2021/07/31 12:41:42] -    38    139.5       39.2071    92.6043      67.5288   89.7321
[2021/07/31 12:44:04] -    39    141.7       37.5568    92.7855      67.6054   88.9610
[2021/07/31 12:46:23] -    40    138.8       35.6594    93.1911      68.8185   89.6916
[2021/07/31 12:48:45] -    41    140.8       35.1921    93.2778      61.9371   90.5438
[2021/07/31 12:51:04] -    42    139.1       33.9799    93.4946      67.2408   90.3409
[2021/07/31 12:53:23] -    43    139.2       33.8983    93.4388      65.4189   89.8945
[2021/07/31 12:55:48] -    44    144.8       32.9631    93.6076      62.2609   90.0974
[2021/07/31 12:58:08] -    45    139.2       32.1703    93.8429      81.8659   88.1088
[2021/07/31 13:00:27] -    46    139.1       30.6523    94.1696      76.2235   88.7175
[2021/07/31 13:02:47] -    47    139.2       29.4616    94.3909      68.7443   89.9756
[2021/07/31 13:05:07] -    48    139.9       29.5351    94.3290      78.0760   88.4334
[2021/07/31 13:07:26] -    49    139.3       28.4689    94.6061      68.1490   89.7727
[2021/07/31 13:07:27] - Total train time: 116.3184 minutes
